<?xml version="1.0" encoding="UTF-8"?>
<testsuite xmlns:xsi="http://www.w3.org/2001/XMLSchema-instance" xsi:noNamespaceSchemaLocation="https://maven.apache.org/surefire/maven-surefire-plugin/xsd/surefire-test-report-3.0.xsd" version="3.0" name="com.example.ordermanagement.controller.OrderControllerTest" time="19.093" tests="1" errors="0" skipped="0" failures="0">
  <properties>
[...]
</properties>
  <testcase name="shouldPerformOrderCrudFlow" classname="com.example.ordermanagement.controller.OrderControllerTest" time="2.312">
    <system-out><![CDATA[17:14:46.644 [main] INFO org.springframework.test.context.support.AnnotationConfigContextLoaderUtils -- Could not detect default configuration classes for test class [com.example.ordermanagement.controller.OrderControllerTest]: OrderControllerTest does not declare any static, non-private, non-final, nested classes annotated with @Configuration.
17:14:47.317 [main] INFO org.springframework.boot.test.context.SpringBootTestContextBootstrapper -- Found @SpringBootConfiguration com.example.ordermanagement.OrderManagementSystemApplication for test class com.example.ordermanagement.controller.OrderControllerTest

  .   ____          _            __ _ _
 /\\ / ___'_ __ _ _(_)_ __  __ _ \ \ \ \
( ( )\___ | '_ | '_| | '_ \/ _` | \ \ \ \
 \\/  ___)| |_)| | | | | || (_| |  ) ) ) )
  '  |____| .__|_| |_|_| |_\__, | / / / /
 =========|_|==============|___/=/_/_/_/

 :: Spring Boot ::                (v3.3.5)

2026-05-03T17:14:49.998+05:30  INFO 208640 --- [order-management-system] [           main] c.e.o.controller.OrderControllerTest     : Starting OrderControllerTest using Java 21.0.4 with PID 208640 (started by shrir in C:\Shrirang\New Volume B\Programs\WebTechnology_LAB\Exam_26)
2026-05-03T17:14:50.005+05:30  INFO 208640 --- [order-management-system] [           main] c.e.o.controller.OrderControllerTest     : No active profile set, falling back to 1 default profile: "default"
2026-05-03T17:14:54.782+05:30  INFO 208640 --- [order-management-system] [           main] .s.d.r.c.RepositoryConfigurationDelegate : Bootstrapping Spring Data JPA repositories in DEFAULT mode.
2026-05-03T17:14:55.134+05:30  INFO 208640 --- [order-management-system] [           main] .s.d.r.c.RepositoryConfigurationDelegate : Finished Spring Data repository scanning in 306 ms. Found 1 JPA repository interface.
2026-05-03T17:14:56.416+05:30  INFO 208640 --- [order-management-system] [           main] o.hibernate.jpa.internal.util.LogHelper  : HHH000204: Processing PersistenceUnitInfo [name: default]
2026-05-03T17:14:56.613+05:30  INFO 208640 --- [order-management-system] [           main] org.hibernate.Version                    : HHH000412: Hibernate ORM core version 6.5.3.Final
2026-05-03T17:14:56.727+05:30  INFO 208640 --- [order-management-system] [           main] o.h.c.internal.RegionFactoryInitiator    : HHH000026: Second-level cache disabled
2026-05-03T17:14:57.778+05:30  INFO 208640 --- [order-management-system] [           main] o.s.o.j.p.SpringPersistenceUnitInfo      : No LoadTimeWeaver setup: ignoring JPA class transformer
2026-05-03T17:14:57.827+05:30  INFO 208640 --- [order-management-system] [           main] com.zaxxer.hikari.HikariDataSource       : HikariPool-1 - Starting...
2026-05-03T17:14:58.211+05:30  INFO 208640 --- [order-management-system] [           main] com.zaxxer.hikari.pool.HikariPool        : HikariPool-1 - Added connection conn0: url=jdbc:h2:mem:orderdb user=SA
2026-05-03T17:14:58.216+05:30  INFO 208640 --- [order-management-system] [           main] com.zaxxer.hikari.HikariDataSource       : HikariPool-1 - Start completed.
2026-05-03T17:15:00.217+05:30  INFO 208640 --- [order-management-system] [           main] o.h.e.t.j.p.i.JtaPlatformInitiator       : HHH000489: No JTA platform available (set 'hibernate.transaction.jta.platform' to enable JTA platform integration)
Hibernate: create table orders (id bigint generated by default as identity, customer_name varchar(255) not null, price numeric(10,2) not null, product_name varchar(255) not null, quantity integer not null check (quantity>=1), status varchar(255) not null, primary key (id))
2026-05-03T17:15:00.370+05:30  INFO 208640 --- [order-management-system] [           main] j.LocalContainerEntityManagerFactoryBean : Initialized JPA EntityManagerFactory for persistence unit 'default'
2026-05-03T17:15:01.405+05:30  WARN 208640 --- [order-management-system] [           main] JpaBaseConfiguration$JpaWebConfiguration : spring.jpa.open-in-view is enabled by default. Therefore, database queries may be performed during view rendering. Explicitly configure spring.jpa.open-in-view to disable this warning
2026-05-03T17:15:02.309+05:30  INFO 208640 --- [order-management-system] [           main] o.s.b.a.h2.H2ConsoleAutoConfiguration    : H2 console available at '/h2-console'. Database available at 'jdbc:h2:mem:orderdb'
2026-05-03T17:15:02.452+05:30  INFO 208640 --- [order-management-system] [           main] o.s.b.t.m.w.SpringBootMockServletContext : Initializing Spring TestDispatcherServlet ''
2026-05-03T17:15:02.453+05:30  INFO 208640 --- [order-management-system] [           main] o.s.t.web.servlet.TestDispatcherServlet  : Initializing Servlet ''
2026-05-03T17:15:02.455+05:30  INFO 208640 --- [order-management-system] [           main] o.s.t.web.servlet.TestDispatcherServlet  : Completed initialization in 1 ms
2026-05-03T17:15:02.488+05:30  INFO 208640 --- [order-management-system] [           main] c.e.o.controller.OrderControllerTest     : Started OrderControllerTest in 14.182 seconds (process running for 18.706)
Hibernate: select o1_0.id,o1_0.customer_name,o1_0.price,o1_0.product_name,o1_0.quantity,o1_0.status from orders o1_0
Hibernate: insert into orders (customer_name,price,product_name,quantity,status,id) values (?,?,?,?,?,default)
Hibernate: select o1_0.id,o1_0.customer_name,o1_0.price,o1_0.product_name,o1_0.quantity,o1_0.status from orders o1_0
Hibernate: select o1_0.id,o1_0.customer_name,o1_0.price,o1_0.product_name,o1_0.quantity,o1_0.status from orders o1_0 where o1_0.id=?
Hibernate: select o1_0.id,o1_0.customer_name,o1_0.price,o1_0.product_name,o1_0.quantity,o1_0.status from orders o1_0 where o1_0.id=?
Hibernate: update orders set customer_name=?,price=?,product_name=?,quantity=?,status=? where id=?
Hibernate: select o1_0.id,o1_0.customer_name,o1_0.price,o1_0.product_name,o1_0.quantity,o1_0.status from orders o1_0 where o1_0.id=?
Hibernate: delete from orders where id=?
Hibernate: select o1_0.id,o1_0.customer_name,o1_0.price,o1_0.product_name,o1_0.quantity,o1_0.status from orders o1_0 where o1_0.id=?
]]></system-out>
    <system-err><![CDATA[WARNING: A Java agent has been loaded dynamically (C:\Users\shrir\.m2\repository\net\bytebuddy\byte-buddy-agent\1.14.19\byte-buddy-agent-1.14.19.jar)
WARNING: If a serviceability tool is in use, please run with -XX:+EnableDynamicAgentLoading to hide this warning
WARNING: If a serviceability tool is not in use, please run with -Djdk.instrument.traceUsage for more information
WARNING: Dynamic loading of agents will be disallowed by default in a future release
]]></system-err>
  </testcase>
</testsuite>